<?xml version="1.0" encoding="UTF-8"?>
<!-- Generated by org.testng.reporters.JUnitXMLReporter -->
<testsuite ignored="0" hostname="LAPTOP-U0DBOCF9" failures="1" tests="1" name="Chrome Test" time="5.815" errors="0" timestamp="2026-02-24T00:01:55 IST">
  <testcase classname="testCases.LoginDDT" name="verify_LoginDDT" time="0.0">
    <failure type="org.testng.TestNGException" message="
Method public void testCases.LoginDDT.verify_LoginDDT(java.lang.String,java.lang.String,java.lang.String) requires a @DataProvider named : LoginData1 in class org.testng.annotations.DataProvider">
      <![CDATA[org.testng.TestNGException: 
at java.base/java.util.ArrayList.forEach(ArrayList.java:1604)
... Removed 25 stack frames]]>
    </failure>
  </testcase> <!-- verify_LoginDDT -->
</testsuite> <!-- Chrome Test -->
