<?xml version="1.0" encoding="UTF-8"?>
<!-- Generated by org.testng.reporters.JUnitXMLReporter -->
<testsuite ignored="0" hostname="LAPTOP-U0DBOCF9" failures="3" tests="6" name="Test" time="75.25" errors="0" timestamp="2026-02-25T18:20:01 IST">
  <testcase classname="testCases.TC003_LoginDDT" name="verify_LoginDDT" time="12.033">
    <failure type="java.lang.AssertionError" message="expected [true] but found [false]">
      <![CDATA[java.lang.AssertionError: expected [true] but found [false]
at testCases.TC003_LoginDDT.verify_LoginDDT(TC003_LoginDDT.java:46)
at java.base/java.util.ArrayList.forEach(ArrayList.java:1604)
... Removed 29 stack frames]]>
    </failure>
  </testcase> <!-- verify_LoginDDT -->
  <testcase classname="testCases.TC003_LoginDDT" name="verify_LoginDDT" time="11.129"/>
  <testcase classname="testCases.TC003_LoginDDT" name="verify_LoginDDT" time="11.399"/>
  <testcase classname="testCases.TC003_LoginDDT" name="verify_LoginDDT" time="11.359"/>
  <testcase classname="testCases.TC003_LoginDDT" name="verify_LoginDDT" time="11.416">
    <failure type="java.lang.AssertionError" message="expected [true] but found [false]">
      <![CDATA[java.lang.AssertionError: expected [true] but found [false]
at testCases.TC003_LoginDDT.verify_LoginDDT(TC003_LoginDDT.java:46)
at java.base/java.util.ArrayList.forEach(ArrayList.java:1604)
... Removed 29 stack frames]]>
    </failure>
  </testcase> <!-- verify_LoginDDT -->
  <testcase classname="testCases.TC003_LoginDDT" name="verify_LoginDDT" time="11.274">
    <failure type="java.lang.AssertionError" message="expected [true] but found [false]">
      <![CDATA[java.lang.AssertionError: expected [true] but found [false]
at testCases.TC003_LoginDDT.verify_LoginDDT(TC003_LoginDDT.java:46)
at java.base/java.util.ArrayList.forEach(ArrayList.java:1604)
... Removed 29 stack frames]]>
    </failure>
  </testcase> <!-- verify_LoginDDT -->
</testsuite> <!-- Test -->
